2021-08-14 11:31:58 [scrapy] DEBUG: Redirecting (302) to <GET https://verify.maoyan.com/verify?requestCode=c2710bc55e80f8bb458bf99e78d3bfb323axb&redirectURL=https%3A%2F%2Fmaoyan.com%2Fboard%2F4> from <GET https://maoyan.com/board/4>
2021-08-14 11:31:58 [scrapy] DEBUG: Crawled (200) <GET https://verify.maoyan.com/verify?requestCode=c2710bc55e80f8bb458bf99e78d3bfb323axb&redirectURL=https%3A%2F%2Fmaoyan.com%2Fboard%2F4> (referer: None)
2021-08-14 11:31:58 [scrapy] DEBUG: Crawled (200) <GET https://verify.maoyan.com/verify?requestCode=c2710bc55e80f8bb458bf99e78d3bfb323axb&redirectURL=https%3A%2F%2Fmaoyan.com%2Fboard%2F4> (referer: https://verify.maoyan.com/verify?requestCode=c2710bc55e80f8bb458bf99e78d3bfb323axb&redirectURL=https%3A%2F%2Fmaoyan.com%2Fboard%2F4)
2021-08-14 11:31:58 [scrapy] DEBUG: Filtered duplicate request: <GET https://verify.maoyan.com/verify?requestCode=c2710bc55e80f8bb458bf99e78d3bfb323axb&redirectURL=https%3A%2F%2Fmaoyan.com%2Fboard%2F4> - no more duplicates will be shown (see DUPEFILTER_DEBUG to show all duplicates)
2021-08-14 11:31:58 [scrapy] INFO: Closing spider (finished)
2021-08-14 11:31:58 [scrapy] INFO: Dumping Scrapy stats:
{'downloader/request_bytes': 1204,
 'downloader/request_count': 3,
 'downloader/request_method_count/GET': 3,
 'downloader/response_bytes': 4112,
 'downloader/response_count': 3,
 'downloader/response_status_count/200': 2,
 'downloader/response_status_count/302': 1,
 'dupefilter/filtered': 1,
 'elapsed_time_seconds': 0.757382,
 'finish_reason': 'finished',
 'finish_time': datetime.datetime(2021, 8, 14, 3, 31, 58, 759549),
 'httpcompression/response_bytes': 5788,
 'httpcompression/response_count': 2,
 'log_count/DEBUG': 4,
 'log_count/INFO': 7,
 'request_depth_max': 2,
 'response_received_count': 2,
 'scheduler/dequeued': 3,
 'scheduler/dequeued/memory': 3,
 'scheduler/enqueued': 3,
 'scheduler/enqueued/memory': 3,
 'start_time': datetime.datetime(2021, 8, 14, 3, 31, 58, 2167)}
2021-08-14 11:31:58 [scrapy] INFO: Spider closed (finished)
